[debug] [2023-05-21T18:51:45.165Z] ----------------------------------------------------------------------
[debug] [2023-05-21T18:51:45.168Z] Command:       C:\Program Files\nodejs\node.exe C:\Users\DELL\AppData\Roaming\npm\node_modules\firebase-tools\lib\bin\firebase.js init
[debug] [2023-05-21T18:51:45.168Z] CLI Version:   12.1.0
[debug] [2023-05-21T18:51:45.169Z] Platform:      win32
[debug] [2023-05-21T18:51:45.169Z] Node Version:  v19.4.0
[debug] [2023-05-21T18:51:45.169Z] Time:          Mon May 22 2023 00:21:45 GMT+0530 (India Standard Time)
[debug] [2023-05-21T18:51:45.169Z] ----------------------------------------------------------------------
[debug] 
[debug] [2023-05-21T18:51:45.184Z] > command requires scopes: ["email","openid","https://www.googleapis.com/auth/cloudplatformprojects.readonly","https://www.googleapis.com/auth/firebase","https://www.googleapis.com/auth/cloud-platform"]
[debug] [2023-05-21T18:51:45.185Z] > authorizing via signed-in user (200010023@iitdh.ac.in)
[info] 
     ######## #### ########  ######## ########     ###     ######  ########
     ##        ##  ##     ## ##       ##     ##  ##   ##  ##       ##
     ######    ##  ########  ######   ########  #########  ######  ######
     ##        ##  ##    ##  ##       ##     ## ##     ##       ## ##
     ##       #### ##     ## ######## ########  ##     ##  ######  ########

You're about to initialize a Firebase project in this directory:

  E:\SRI RAMA (MERN STACK PROJECTS)\movie-app-react-firebase

[info] 
=== Project Setup
[info] 
[info] First, let's associate this project directory with a Firebase project.
[info] You can create multiple project aliases by running firebase use --add, 
[info] but for now we'll just set up a default project.
[info] 
[debug] [2023-05-21T18:52:02.504Z] >>> [apiv2][query] GET https://firebase.googleapis.com/v1beta1/projects pageSize=100
[debug] [2023-05-21T18:52:03.455Z] <<< [apiv2][status] GET https://firebase.googleapis.com/v1beta1/projects 200
[debug] [2023-05-21T18:52:03.455Z] <<< [apiv2][body] GET https://firebase.googleapis.com/v1beta1/projects [omitted]
[info] i  Using project bwtry-8ea4c (bwtry) 
[info] 
=== Hosting Setup
[info] 
[info] Your public directory is the folder (relative to your project directory) that
[info] will contain Hosting assets to be uploaded with firebase deploy. If you
[info] have a build process for your assets, use your build's output directory.
[info] 
[debug] [2023-05-21T18:52:21.469Z] >>> [apiv2][query] GET https://www.gstatic.com/firebasejs/releases.json [none]
[debug] [2023-05-21T18:52:21.690Z] <<< [apiv2][status] GET https://www.gstatic.com/firebasejs/releases.json 200
[debug] [2023-05-21T18:52:21.691Z] <<< [apiv2][body] GET https://www.gstatic.com/firebasejs/releases.json {"current":{"version":"9.22.0","browserURL":"https://www.gstatic.com/firebasejs/9.22.0/firebase.js","packageURL":"https://www.gstatic.com/firebasejs/9.22.0/firebase.tgz"},"live":{"version":"9.22","browserURL":"https://www.gstatic.com/firebasejs/live/9.22/firebase.js","packageURL":"https://www.gstatic.com/firebasejs/live/9.22/firebase.tgz"},"components":{"analytics":"https://www.gstatic.com/firebasejs/9.22.0/firebase-analytics.js","app":"https://www.gstatic.com/firebasejs/9.22.0/firebase-app.js","app-check":"https://www.gstatic.com/firebasejs/9.22.0/firebase-app-check.js","auth":"https://www.gstatic.com/firebasejs/9.22.0/firebase-auth.js","auth/cordova":"https://www.gstatic.com/firebasejs/9.22.0/firebase-auth/cordova.js","auth/react-native":"https://www.gstatic.com/firebasejs/9.22.0/firebase-auth/react-native.js","functions":"https://www.gstatic.com/firebasejs/9.22.0/firebase-functions.js","firestore":"https://www.gstatic.com/firebasejs/9.22.0/firebase-firestore.js","firestore/lite":"https://www.gstatic.com/firebasejs/9.22.0/firebase-firestore/lite.js","installations":"https://www.gstatic.com/firebasejs/9.22.0/firebase-installations.js","storage":"https://www.gstatic.com/firebasejs/9.22.0/firebase-storage.js","performance":"https://www.gstatic.com/firebasejs/9.22.0/firebase-performance.js","remote-config":"https://www.gstatic.com/firebasejs/9.22.0/firebase-remote-config.js","messaging":"https://www.gstatic.com/firebasejs/9.22.0/firebase-messaging.js","messaging/sw":"https://www.gstatic.com/firebasejs/9.22.0/firebase-messaging/sw.js","database":"https://www.gstatic.com/firebasejs/9.22.0/firebase-database.js","firestore.memory":"https://www.gstatic.com/firebasejs/9.22.0/firebase-firestore.memory.js"}}
[info] i  Skipping write of public/index.html 
[info] 
[info] i  Didn't detect a .git folder. Assuming E:\SRI RAMA (MERN STACK PROJECTS)\movie-app-react-firebase is the project root. 
[info] i  Authorizing with GitHub to upload your service account to a GitHub repository's secrets store. 
[info] 
[info] Visit this URL on this device to log in:
[info] https://github.com/login/oauth/authorize?client_id=89cf50f02ac6aaed3484&state=800660059&redirect_uri=http%3A%2F%2Flocalhost%3A9005&scope=read%3Auser%20repo%20public_repo
[info] 
[info] Waiting for authentication...
[debug] [2023-05-21T18:52:29.692Z] >>> [apiv2][query] POST https://github.com/login/oauth/access_token [none]
[debug] [2023-05-21T18:52:29.692Z] >>> [apiv2][body] POST https://github.com/login/oauth/access_token [stream]
[debug] [2023-05-21T18:52:30.166Z] <<< [apiv2][status] POST https://github.com/login/oauth/access_token 200
[debug] [2023-05-21T18:52:30.166Z] <<< [apiv2][body] POST https://github.com/login/oauth/access_token {"access_token":"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","token_type":"bearer","scope":"read:user,repo"}
[debug] [2023-05-21T18:52:30.179Z] >>> [apiv2][query] GET https://api.github.com/user [none]
[debug] [2023-05-21T18:52:30.757Z] <<< [apiv2][status] GET https://api.github.com/user 200
[debug] [2023-05-21T18:52:30.757Z] <<< [apiv2][body] GET https://api.github.com/user {"login":"kasv-p","id":84275697,"node_id":"MDQ6VXNlcjg0Mjc1Njk3","avatar_url":"https://avatars.githubusercontent.com/u/84275697?v=4","gravatar_id":"","url":"https://api.github.com/users/kasv-p","html_url":"https://github.com/kasv-p","followers_url":"https://api.github.com/users/kasv-p/followers","following_url":"https://api.github.com/users/kasv-p/following{/other_user}","gists_url":"https://api.github.com/users/kasv-p/gists{/gist_id}","starred_url":"https://api.github.com/users/kasv-p/starred{/owner}{/repo}","subscriptions_url":"https://api.github.com/users/kasv-p/subscriptions","organizations_url":"https://api.github.com/users/kasv-p/orgs","repos_url":"https://api.github.com/users/kasv-p/repos","events_url":"https://api.github.com/users/kasv-p/events{/privacy}","received_events_url":"https://api.github.com/users/kasv-p/received_events","type":"User","site_admin":false,"name":"kavali sri vyshnavi devi","company":null,"blog":"","location":null,"email":null,"hireable":null,"bio":null,"twitter_username":null,"public_repos":27,"public_gists":0,"followers":1,"following":1,"created_at":"2021-05-16T12:56:16Z","updated_at":"2023-05-21T18:10:41Z","private_gists":0,"total_private_repos":5,"owned_private_repos":5,"disk_usage":88859,"collaborators":4,"two_factor_authentication":false,"plan":{"name":"free","space":976562499,"collaborators":0,"private_repos":10000}}
[info] 
[info] +  Success! Logged into GitHub as kasv-p 
[info] 
